<?xml version="1.0" encoding="UTF-8"?>
<!-- Generated by org.testng.reporters.JUnitXMLReporter -->
<testsuite ignored="0" hostname="INBook_X1_Pro" failures="0" tests="3" name="Default test" time="38.107" errors="0" timestamp="2025-04-04T00:31:15 IST">
  <testcase classname="ui.test.LoginTest" name="ClickOnSignUpButton" time="11.49"/>
  <testcase classname="ui.test.LoginTest" name="loginWithMobileNo" time="16.954"/>
  <testcase classname="ui.test.LoginTest" name="verifyLoginSignUpButton" time="6.279"/>
</testsuite> <!-- Default test -->
