<?xml version="1.0" encoding="UTF-8"?>
<!-- Generated by org.testng.reporters.JUnitXMLReporter -->
<testsuite ignored="0" hostname="INBook_X1_Pro" failures="0" tests="3" name="Test" time="35.542" errors="0" timestamp="2025-03-27T10:21:52 IST">
  <testcase classname="ui.test.HomePageTest" name="verifyHomePage" time="14.711"/>
  <testcase classname="ui.test.HomePageTest" name="verifyHomePageUrl" time="10.661"/>
  <testcase classname="ui.test.LoginTest" name="verifyLoginSignUpButton" time="0.0"/>
</testsuite> <!-- Test -->
