<?xml version="1.0" encoding="UTF-8"?>
<!-- Generated by org.testng.reporters.JUnitXMLReporter -->
<testsuite ignored="0" hostname="INBook_X1_Pro" failures="0" tests="4" name="Test" time="59.194" errors="0" timestamp="2025-03-27T17:57:28 IST">
  <testcase classname="ui.test.HomePageTest" name="verifyHomePage" time="15.447"/>
  <testcase classname="ui.test.HomePageTest" name="verifyHomePageUrl" time="8.14"/>
  <testcase classname="ui.test.LoginTest" name="ClickOnSignUpButton" time="8.389"/>
  <testcase classname="ui.test.LoginTest" name="verifyLoginSignUpButton" time="10.756"/>
</testsuite> <!-- Test -->
