<?xml version="1.0" encoding="UTF-8"?>
<!-- Generated by org.testng.reporters.JUnitXMLReporter -->
<testsuite ignored="0" hostname="INBook_X1_Pro" failures="0" tests="4" name="TestCrome" time="36.29" errors="0" timestamp="2025-04-02T15:44:15 IST">
  <testcase classname="ui.test.HomePageTest" name="verifyHomePage" time="7.527"/>
  <testcase classname="ui.test.HomePageTest" name="verifyHomePageUrl" time="6.919"/>
  <testcase classname="ui.test.LoginTest" name="ClickOnSignUpButton" time="8.275"/>
  <testcase classname="ui.test.LoginTest" name="verifyLoginSignUpButton" time="7.412"/>
</testsuite> <!-- TestCrome -->
