<?xml version="1.0" encoding="UTF-8"?>
<testng-results ignored="0" total="2" passed="2" failed="0" skipped="0">
  <reporter-output>
  </reporter-output>
  <suite started-at="2025-03-25T17:56:43 IST" name="Default suite" finished-at="2025-03-25T17:57:10 IST" duration-ms="27123">
    <groups>
    </groups>
    <test started-at="2025-03-25T17:56:43 IST" name="Default test" finished-at="2025-03-25T17:57:10 IST" duration-ms="27123">
      <class name="ui.test.HomePageTest">
        <test-method is-config="true" signature="setUp(java.lang.String,org.testng.ITestContext)[pri:0, instance:ui.test.HomePageTest@411f53a0]" started-at="2025-03-25T17:56:43 IST" name="setUp" finished-at="2025-03-25T17:56:44 IST" duration-ms="1517" status="PASS">
          <params>
            <param index="0">
              <value>
                <![CDATA[chrome]]>
              </value>
            </param>
            <param index="1">
              <value>
                <![CDATA[org.testng.TestRunner@2d66530f]]>
              </value>
            </param>
          </params>
          <reporter-output>
          </reporter-output>
        </test-method> <!-- setUp -->
        <test-method signature="verifyHomePage()[pri:0, instance:ui.test.HomePageTest@411f53a0]" started-at="2025-03-25T17:56:44 IST" name="verifyHomePage" finished-at="2025-03-25T17:56:57 IST" duration-ms="12437" status="PASS">
          <reporter-output>
          </reporter-output>
        </test-method> <!-- verifyHomePage -->
        <test-method is-config="true" signature="tearDown()[pri:0, instance:ui.test.HomePageTest@411f53a0]" started-at="2025-03-25T17:56:57 IST" name="tearDown" finished-at="2025-03-25T17:56:57 IST" duration-ms="193" status="PASS">
          <reporter-output>
          </reporter-output>
        </test-method> <!-- tearDown -->
        <test-method is-config="true" signature="setUp(java.lang.String,org.testng.ITestContext)[pri:0, instance:ui.test.HomePageTest@411f53a0]" started-at="2025-03-25T17:56:57 IST" name="setUp" finished-at="2025-03-25T17:56:58 IST" duration-ms="692" status="PASS">
          <params>
            <param index="0">
              <value>
                <![CDATA[chrome]]>
              </value>
            </param>
            <param index="1">
              <value>
                <![CDATA[org.testng.TestRunner@2d66530f]]>
              </value>
            </param>
          </params>
          <reporter-output>
          </reporter-output>
        </test-method> <!-- setUp -->
        <test-method signature="verifyHomePageUrl()[pri:0, instance:ui.test.HomePageTest@411f53a0]" started-at="2025-03-25T17:56:58 IST" name="verifyHomePageUrl" finished-at="2025-03-25T17:57:10 IST" duration-ms="12068" status="PASS">
          <reporter-output>
          </reporter-output>
        </test-method> <!-- verifyHomePageUrl -->
        <test-method is-config="true" signature="tearDown()[pri:0, instance:ui.test.HomePageTest@411f53a0]" started-at="2025-03-25T17:57:10 IST" name="tearDown" finished-at="2025-03-25T17:57:10 IST" duration-ms="165" status="PASS">
          <reporter-output>
          </reporter-output>
        </test-method> <!-- tearDown -->
      </class> <!-- ui.test.HomePageTest -->
    </test> <!-- Default test -->
  </suite> <!-- Default suite -->
</testng-results>
